<?xml version="1.0" encoding="UTF-8"?>
<!-- Generated by org.testng.reporters.JUnitReportReporter -->
<testsuite skipped="0" hostname="FINCASH-TECH6" name="bnpSundaram.SundaramFileDownload" tests="1" failures="0" timestamp="09 Nov 2018 12:27:48 GMT" time="9.018" errors="0">
  <testcase name="downloadKarvyFile" time="9.018" classname="bnpSundaram.SundaramFileDownload"/>
</testsuite> <!-- bnpSundaram.SundaramFileDownload -->
