<?xml version="1.0" encoding="UTF-8"?>
<!-- Generated by org.testng.reporters.JUnitReportReporter -->
<testsuite skipped="0" hostname="FINCASH-TECH6" name="karvy.KarvyStatementDownload" tests="1" failures="0" timestamp="03 Dec 2018 13:03:45 GMT" time="24.911" errors="0">
  <testcase name="downloadKarvyFile" time="24.911" classname="karvy.KarvyStatementDownload"/>
</testsuite> <!-- karvy.KarvyStatementDownload -->
